<?xml version="1.0" encoding="UTF-8"?>
<!-- Generated by org.testng.reporters.JUnitXMLReporter -->
<testsuite ignored="0" hostname="LAPTOP-L5359K8M" failures="0" tests="4" name="Test 2" time="64.187" errors="0" timestamp="2025-01-16T22:53:35 IST">
  <testcase classname="com.pvs.admin.status.testcases.StatusTest" name="addStatus" time="2.651"/>
  <testcase classname="com.pvs.admin.status.testcases.StatusTest" name="addStatus" time="1.072"/>
  <testcase classname="com.pvs.admin.status.testcases.StatusTest" name="editStatus" time="30.213"/>
  <testcase classname="com.pvs.admin.status.testcases.StatusTest" name="exportExcel" time="30.186"/>
</testsuite> <!-- Test 2 -->
