<?xml version="1.0" encoding="UTF-8"?>
<testng-results ignored="0" total="1" passed="1" failed="0" skipped="0">
  <reporter-output>
  </reporter-output>
  <suite started-at="2025-01-21T21:13:51 IST" name="Suite" finished-at="2025-01-21T21:14:25 IST" duration-ms="33578">
    <groups>
    </groups>
    <test started-at="2025-01-21T21:13:51 IST" name="Test" finished-at="2025-01-21T21:14:25 IST" duration-ms="33578">
      <class name="com.pvs.security.testcases.CommonTests">
        <test-method is-config="true" signature="initSuite()[pri:0, instance:com.pvs.security.testcases.CommonTests@1bae316d]" started-at="2025-01-21T21:13:51 IST" name="initSuite" finished-at="2025-01-21T21:13:51 IST" duration-ms="5" status="PASS">
          <reporter-output>
          </reporter-output>
        </test-method> <!-- initSuite -->
        <test-method is-config="true" signature="Login()[pri:0, instance:com.pvs.security.testcases.CommonTests@1bae316d]" started-at="2025-01-21T21:13:51 IST" name="Login" finished-at="2025-01-21T21:13:53 IST" duration-ms="2139" status="PASS">
          <reporter-output>
          </reporter-output>
        </test-method> <!-- Login -->
      </class> <!-- com.pvs.security.testcases.CommonTests -->
      <class name="com.pvs.admin.ctype.testcases.ContactTypeTest">
        <test-method signature="addCtype(java.lang.String,java.lang.String)[pri:0, instance:com.pvs.admin.ctype.testcases.ContactTypeTest@1e6cc850]" started-at="2025-01-21T21:13:53 IST" name="addCtype" data-provider="addCType" finished-at="2025-01-21T21:14:25 IST" duration-ms="31332" status="PASS">
          <params>
            <param index="0">
              <value>
                <![CDATA[Test]]>
              </value>
            </param>
            <param index="1">
              <value>
                <![CDATA[ E - Expired]]>
              </value>
            </param>
          </params>
          <reporter-output>
          </reporter-output>
        </test-method> <!-- addCtype -->
      </class> <!-- com.pvs.admin.ctype.testcases.ContactTypeTest -->
    </test> <!-- Test -->
  </suite> <!-- Suite -->
</testng-results>
